This file contains any messages produced by compilers while
running configure, to aid debugging if configure makes a mistake.

It was created by pocel configure 0.1, which was
generated by GNU Autoconf 2.63.  Invocation command line was

  $ ./configure 

## --------- ##
## Platform. ##
## --------- ##

hostname = iREMB-S
uname -m = x86_64
uname -r = 2.6.32-279.el6.x86_64
uname -s = Linux
uname -v = #1 SMP Fri Jun 22 12:19:21 UTC 2012

/usr/bin/uname -p = unknown
/bin/uname -X     = unknown

/bin/arch              = x86_64
/usr/bin/arch -k       = unknown
/usr/convex/getsysinfo = unknown
/usr/bin/hostinfo      = unknown
/bin/machine           = unknown
/usr/bin/oslevel       = unknown
/bin/universe          = unknown

PATH: /home/ycse02/.pyenv/plugins/pyenv-virtualenv/shims
PATH: /home/ycse02/.pyenv/shims
PATH: /home/ycse02/intel/compilers_and_libraries_2019.0.117/linux/bin/intel64
PATH: /home/ycse02/intel//compilers_and_libraries_2019.0.117/linux/mpi/intel64/libfabric/bin
PATH: /home/ycse02/intel//compilers_and_libraries_2019.0.117/linux/mpi/intel64/bin
PATH: /home/ycse02/intel/debugger_2019/gdb/intel64/bin
PATH: /home/ycse02/.pyenv/bin
PATH: /home/ycse02/usr/local/valgrind/bin
PATH: /home/ycse02/usr/local/julia/bin
PATH: /home/ycse02/usr/local/HDF5/bin
PATH: /home/ycse02/usr/local/cmake/bin
PATH: /home/ycse02/usr/bin
PATH: /home/ycse02/bin
PATH: /home/ycse02/.pyenv/bin
PATH: /usr/local/cuda-5.0/bin
PATH: /bin
PATH: /sbin
PATH: /usr/bin
PATH: /usr/sbin
PATH: /opt/pbs/default/bin
PATH: /opt/pbs/default/sbin


## ----------- ##
## Core tests. ##
## ----------- ##

configure:2069: checking for a BSD-compatible install
configure:2137: result: /usr/bin/install -c
configure:2148: checking whether build environment is sane
configure:2208: result: yes
configure:2349: checking for a thread-safe mkdir -p
configure:2388: result: /bin/mkdir -p
configure:2401: checking for gawk
configure:2417: found /bin/gawk
configure:2428: result: gawk
configure:2439: checking whether make sets $(MAKE)
configure:2461: result: yes
configure:2552: checking for gawk
configure:2579: result: gawk
configure:2638: checking for gcc
configure:2654: found /home/ycse02/usr/bin/gcc
configure:2665: result: gcc
configure:2897: checking for C compiler version
configure:2905: gcc --version >&5
gcc (GCC) 9.1.0
Copyright (C) 2019 Free Software Foundation, Inc.
This is free software; see the source for copying conditions.  There is NO
warranty; not even for MERCHANTABILITY or FITNESS FOR A PARTICULAR PURPOSE.

configure:2909: $? = 0
configure:2916: gcc -v >&5
Using built-in specs.
COLLECT_GCC=gcc
COLLECT_LTO_WRAPPER=/home/ycse02/usr/libexec/gcc/x86_64-pc-linux-gnu/9.1.0/lto-wrapper
Target: x86_64-pc-linux-gnu
Configured with: ../gcc-9.1.0/configure --prefix=/home/ycse02/usr/ --enable-shared --disable-multilib --enable-languages=c,c++,fortran
Thread model: posix
gcc version 9.1.0 (GCC) 
configure:2920: $? = 0
configure:2927: gcc -V >&5
gcc: error: unrecognized command line option '-V'
gcc: fatal error: no input files
compilation terminated.
configure:2931: $? = 1
configure:2954: checking for C compiler default output file name
configure:2976: gcc    conftest.c  >&5
configure:2980: $? = 0
configure:3018: result: a.out
configure:3037: checking whether the C compiler works
configure:3047: ./a.out
configure:3051: $? = 0
configure:3070: result: yes
configure:3077: checking whether we are cross compiling
configure:3079: result: no
configure:3082: checking for suffix of executables
configure:3089: gcc -o conftest    conftest.c  >&5
configure:3093: $? = 0
configure:3119: result: 
configure:3125: checking for suffix of object files
configure:3151: gcc -c   conftest.c >&5
configure:3155: $? = 0
configure:3180: result: o
configure:3184: checking whether we are using the GNU C compiler
configure:3213: gcc -c   conftest.c >&5
configure:3220: $? = 0
configure:3237: result: yes
configure:3246: checking whether gcc accepts -g
configure:3276: gcc -c -g  conftest.c >&5
configure:3283: $? = 0
configure:3384: result: yes
configure:3401: checking for gcc option to accept ISO C89
configure:3475: gcc  -c -g -O2  conftest.c >&5
configure:3482: $? = 0
configure:3505: result: none needed
configure:3534: checking for style of include used by make
configure:3562: result: GNU
configure:3587: checking dependency style of gcc
configure:3697: result: gcc3
configure:3717: checking how to run the C preprocessor
configure:3757: gcc -E  conftest.c
configure:3764: $? = 0
configure:3795: gcc -E  conftest.c
conftest.c:10:10: fatal error: ac_nonexistent.h: No such file or directory
   10 | #include <ac_nonexistent.h>
      |          ^~~~~~~~~~~~~~~~~~
compilation terminated.
configure:3802: $? = 1
configure: failed program was:
| /* confdefs.h.  */
| #define PACKAGE_NAME "pocel"
| #define PACKAGE_TARNAME "pocel"
| #define PACKAGE_VERSION "0.1"
| #define PACKAGE_STRING "pocel 0.1"
| #define PACKAGE_BUGREPORT "https://github.com/appleparan/POCEL/issues"
| #define PACKAGE "pocel"
| #define VERSION "0.1"
| /* end confdefs.h.  */
| #include <ac_nonexistent.h>
configure:3835: result: gcc -E
configure:3864: gcc -E  conftest.c
configure:3871: $? = 0
configure:3902: gcc -E  conftest.c
conftest.c:10:10: fatal error: ac_nonexistent.h: No such file or directory
   10 | #include <ac_nonexistent.h>
      |          ^~~~~~~~~~~~~~~~~~
compilation terminated.
configure:3909: $? = 1
configure: failed program was:
| /* confdefs.h.  */
| #define PACKAGE_NAME "pocel"
| #define PACKAGE_TARNAME "pocel"
| #define PACKAGE_VERSION "0.1"
| #define PACKAGE_STRING "pocel 0.1"
| #define PACKAGE_BUGREPORT "https://github.com/appleparan/POCEL/issues"
| #define PACKAGE "pocel"
| #define VERSION "0.1"
| /* end confdefs.h.  */
| #include <ac_nonexistent.h>
configure:3962: checking for a BSD-compatible install
configure:4030: result: /usr/bin/install -c
configure:4041: checking whether ln -s works
configure:4045: result: yes
configure:4052: checking whether make sets $(MAKE)
configure:4074: result: yes
configure:4114: checking build system type
configure:4132: result: x86_64-unknown-linux-gnu
configure:4154: checking host system type
configure:4169: result: x86_64-unknown-linux-gnu
configure:4191: checking for a sed that does not truncate output
configure:4257: result: /bin/sed
configure:4275: checking for grep that handles long lines and -e
configure:4335: result: /bin/grep
configure:4340: checking for egrep
configure:4404: result: /bin/grep -E
configure:4409: checking for fgrep
configure:4473: result: /bin/grep -F
configure:4508: checking for ld used by gcc
configure:4575: result: /home/ycse02/usr/x86_64-pc-linux-gnu/bin/ld
configure:4584: checking if the linker (/home/ycse02/usr/x86_64-pc-linux-gnu/bin/ld) is GNU ld
configure:4599: result: yes
configure:4611: checking for BSD- or MS-compatible name lister (nm)
configure:4660: result: /home/ycse02/usr/bin/nm -B
configure:4778: checking the name lister (/home/ycse02/usr/bin/nm -B) interface
configure:4785: gcc -c -g -O2  conftest.c >&5
configure:4788: /home/ycse02/usr/bin/nm -B "conftest.o"
configure:4791: output
0000000000000000 B some_variable
configure:4798: result: BSD nm
configure:4802: checking the maximum length of command line arguments
configure:4922: result: 3458764513820540925
configure:4939: checking whether the shell understands some XSI constructs
configure:4949: result: yes
configure:4953: checking whether the shell understands "+="
configure:4959: result: yes
configure:4994: checking for /home/ycse02/usr/x86_64-pc-linux-gnu/bin/ld option to reload object files
configure:5001: result: -r
configure:5070: checking for objdump
configure:5086: found /home/ycse02/usr/bin/objdump
configure:5097: result: objdump
configure:5129: checking how to recognize dependent libraries
configure:5325: result: pass_all
configure:5385: checking for ar
configure:5401: found /home/ycse02/usr/bin/ar
configure:5412: result: ar
configure:5490: checking for strip
configure:5506: found /home/ycse02/usr/bin/strip
configure:5517: result: strip
configure:5589: checking for ranlib
configure:5605: found /home/ycse02/usr/bin/ranlib
configure:5616: result: ranlib
configure:5706: checking command to parse /home/ycse02/usr/bin/nm -B output from gcc object
configure:5824: gcc -c -g -O2  conftest.c >&5
configure:5827: $? = 0
configure:5831: /home/ycse02/usr/bin/nm -B conftest.o \| sed -n -e 's/^.*[	 ]\([ABCDGIRSTW][ABCDGIRSTW]*\)[	 ][	 ]*\([_A-Za-z][_A-Za-z0-9]*\)$/\1 \2 \2/p' \> conftest.nm
configure:5834: $? = 0
configure:5888: gcc -o conftest -g -O2   conftest.c conftstm.o >&5
configure:5891: $? = 0
configure:5929: result: ok
configure:6025: gcc -c -g -O2  conftest.c >&5
configure:6028: $? = 0
configure:6792: checking for ANSI C header files
configure:6822: gcc -c -g -O2  conftest.c >&5
configure:6829: $? = 0
configure:6928: gcc -o conftest -g -O2   conftest.c  >&5
configure:6932: $? = 0
configure:6938: ./conftest
configure:6942: $? = 0
configure:6960: result: yes
configure:6984: checking for sys/types.h
configure:7005: gcc -c -g -O2  conftest.c >&5
configure:7012: $? = 0
configure:7029: result: yes
configure:6984: checking for sys/stat.h
configure:7005: gcc -c -g -O2  conftest.c >&5
configure:7012: $? = 0
configure:7029: result: yes
configure:6984: checking for stdlib.h
configure:7005: gcc -c -g -O2  conftest.c >&5
configure:7012: $? = 0
configure:7029: result: yes
configure:6984: checking for string.h
configure:7005: gcc -c -g -O2  conftest.c >&5
configure:7012: $? = 0
configure:7029: result: yes
configure:6984: checking for memory.h
configure:7005: gcc -c -g -O2  conftest.c >&5
configure:7012: $? = 0
configure:7029: result: yes
configure:6984: checking for strings.h
configure:7005: gcc -c -g -O2  conftest.c >&5
configure:7012: $? = 0
configure:7029: result: yes
configure:6984: checking for inttypes.h
configure:7005: gcc -c -g -O2  conftest.c >&5
configure:7012: $? = 0
configure:7029: result: yes
configure:6984: checking for stdint.h
configure:7005: gcc -c -g -O2  conftest.c >&5
configure:7012: $? = 0
configure:7029: result: yes
configure:6984: checking for unistd.h
configure:7005: gcc -c -g -O2  conftest.c >&5
configure:7012: $? = 0
configure:7029: result: yes
configure:7047: checking for dlfcn.h
configure:7068: gcc -c -g -O2  conftest.c >&5
configure:7075: $? = 0
configure:7092: result: yes
configure:7278: checking for objdir
configure:7293: result: .libs
configure:7589: checking if gcc supports -fno-rtti -fno-exceptions
configure:7607: gcc -c -g -O2  -fno-rtti -fno-exceptions conftest.c >&5
cc1: warning: command line option '-fno-rtti' is valid for C++/D/ObjC++ but not for C
configure:7611: $? = 0
configure:7624: result: no
configure:7644: checking for gcc option to produce PIC
configure:7916: result: -fPIC -DPIC
configure:7928: checking if gcc PIC flag -fPIC -DPIC works
configure:7946: gcc -c -g -O2  -fPIC -DPIC -DPIC conftest.c >&5
configure:7950: $? = 0
configure:7963: result: yes
configure:7987: checking if gcc static flag -static works
configure:8015: result: no
configure:8030: checking if gcc supports -c -o file.o
configure:8051: gcc -c -g -O2  -o out/conftest2.o conftest.c >&5
configure:8055: $? = 0
configure:8077: result: yes
configure:8085: checking if gcc supports -c -o file.o
configure:8132: result: yes
configure:8165: checking whether the gcc linker (/home/ycse02/usr/x86_64-pc-linux-gnu/bin/ld -m elf_x86_64) supports shared libraries
configure:9239: result: yes
configure:9276: checking whether -lc should be explicitly linked in
configure:9281: gcc -c -g -O2  conftest.c >&5
configure:9284: $? = 0
configure:9299: gcc -shared conftest.o  -v -Wl,-soname -Wl,conftest -o conftest 2\>\&1 \| /bin/grep  -lc  \>/dev/null 2\>\&1
configure:9302: $? = 0
configure:9314: result: no
configure:9478: checking dynamic linker characteristics
configure:9921: gcc -o conftest -g -O2   -Wl,-rpath -Wl,/foo conftest.c  >&5
configure:9928: $? = 0
configure:10164: result: GNU/Linux ld.so
configure:10266: checking how to hardcode library paths into programs
configure:10291: result: immediate
configure:11124: checking whether stripping libraries is possible
configure:11129: result: yes
configure:11164: checking if libtool supports shared libraries
configure:11166: result: yes
configure:11169: checking whether to build shared libraries
configure:11190: result: yes
configure:11193: checking whether to build static libraries
configure:11197: result: yes
configure:11244: checking for stdint.h
configure:11251: result: yes
configure:11244: checking for string.h
configure:11251: result: yes
configure:11244: checking for unistd.h
configure:11251: result: yes
configure:11392: checking for stdbool.h that conforms to C99
configure:11487: gcc -c -g -O2  conftest.c >&5
configure:11494: $? = 0
configure:11509: result: yes
configure:11511: checking for _Bool
configure:11539: gcc -c -g -O2  conftest.c >&5
configure:11546: $? = 0
configure:11573: gcc -c -g -O2  conftest.c >&5
conftest.c: In function 'main':
conftest.c:61:20: error: expected expression before ')' token
   61 | if (sizeof ((_Bool)))
      |                    ^
configure:11580: $? = 1
configure: failed program was:
| /* confdefs.h.  */
| #define PACKAGE_NAME "pocel"
| #define PACKAGE_TARNAME "pocel"
| #define PACKAGE_VERSION "0.1"
| #define PACKAGE_STRING "pocel 0.1"
| #define PACKAGE_BUGREPORT "https://github.com/appleparan/POCEL/issues"
| #define PACKAGE "pocel"
| #define VERSION "0.1"
| #define STDC_HEADERS 1
| #define HAVE_SYS_TYPES_H 1
| #define HAVE_SYS_STAT_H 1
| #define HAVE_STDLIB_H 1
| #define HAVE_STRING_H 1
| #define HAVE_MEMORY_H 1
| #define HAVE_STRINGS_H 1
| #define HAVE_INTTYPES_H 1
| #define HAVE_STDINT_H 1
| #define HAVE_UNISTD_H 1
| #define HAVE_DLFCN_H 1
| #define LT_OBJDIR ".libs/"
| #define HAVE_STDINT_H 1
| #define HAVE_STRING_H 1
| #define HAVE_UNISTD_H 1
| /* end confdefs.h.  */
| #include <stdio.h>
| #ifdef HAVE_SYS_TYPES_H
| # include <sys/types.h>
| #endif
| #ifdef HAVE_SYS_STAT_H
| # include <sys/stat.h>
| #endif
| #ifdef STDC_HEADERS
| # include <stdlib.h>
| # include <stddef.h>
| #else
| # ifdef HAVE_STDLIB_H
| #  include <stdlib.h>
| # endif
| #endif
| #ifdef HAVE_STRING_H
| # if !defined STDC_HEADERS && defined HAVE_MEMORY_H
| #  include <memory.h>
| # endif
| # include <string.h>
| #endif
| #ifdef HAVE_STRINGS_H
| # include <strings.h>
| #endif
| #ifdef HAVE_INTTYPES_H
| # include <inttypes.h>
| #endif
| #ifdef HAVE_STDINT_H
| # include <stdint.h>
| #endif
| #ifdef HAVE_UNISTD_H
| # include <unistd.h>
| #endif
| int
| main ()
| {
| if (sizeof ((_Bool)))
| 	  return 0;
|   ;
|   return 0;
| }
configure:11603: result: yes
configure:11622: checking for inline
configure:11648: gcc -c -g -O2  conftest.c >&5
configure:11655: $? = 0
configure:11673: result: inline
configure:11693: checking for int16_t
configure:11724: gcc -c -g -O2  conftest.c >&5
configure:11731: $? = 0
configure:11760: gcc -c -g -O2  conftest.c >&5
conftest.c: In function 'main':
conftest.c:63:12: error: size of array 'test_array' is negative
   63 | static int test_array [1 - 2 * !((int16_t) ((((int16_t) 1 << (16 - 2)) - 1) * 2 + 1)
      |            ^~~~~~~~~~
configure:11767: $? = 1
configure: failed program was:
| /* confdefs.h.  */
| #define PACKAGE_NAME "pocel"
| #define PACKAGE_TARNAME "pocel"
| #define PACKAGE_VERSION "0.1"
| #define PACKAGE_STRING "pocel 0.1"
| #define PACKAGE_BUGREPORT "https://github.com/appleparan/POCEL/issues"
| #define PACKAGE "pocel"
| #define VERSION "0.1"
| #define STDC_HEADERS 1
| #define HAVE_SYS_TYPES_H 1
| #define HAVE_SYS_STAT_H 1
| #define HAVE_STDLIB_H 1
| #define HAVE_STRING_H 1
| #define HAVE_MEMORY_H 1
| #define HAVE_STRINGS_H 1
| #define HAVE_INTTYPES_H 1
| #define HAVE_STDINT_H 1
| #define HAVE_UNISTD_H 1
| #define HAVE_DLFCN_H 1
| #define LT_OBJDIR ".libs/"
| #define HAVE_STDINT_H 1
| #define HAVE_STRING_H 1
| #define HAVE_UNISTD_H 1
| #define HAVE__BOOL 1
| #define HAVE_STDBOOL_H 1
| /* end confdefs.h.  */
| #include <stdio.h>
| #ifdef HAVE_SYS_TYPES_H
| # include <sys/types.h>
| #endif
| #ifdef HAVE_SYS_STAT_H
| # include <sys/stat.h>
| #endif
| #ifdef STDC_HEADERS
| # include <stdlib.h>
| # include <stddef.h>
| #else
| # ifdef HAVE_STDLIB_H
| #  include <stdlib.h>
| # endif
| #endif
| #ifdef HAVE_STRING_H
| # if !defined STDC_HEADERS && defined HAVE_MEMORY_H
| #  include <memory.h>
| # endif
| # include <string.h>
| #endif
| #ifdef HAVE_STRINGS_H
| # include <strings.h>
| #endif
| #ifdef HAVE_INTTYPES_H
| # include <inttypes.h>
| #endif
| #ifdef HAVE_STDINT_H
| # include <stdint.h>
| #endif
| #ifdef HAVE_UNISTD_H
| # include <unistd.h>
| #endif
| int
| main ()
| {
| static int test_array [1 - 2 * !((int16_t) ((((int16_t) 1 << (16 - 2)) - 1) * 2 + 1)
| 		 < (int16_t) ((((int16_t) 1 << (16 - 2)) - 1) * 2 + 2))];
| test_array [0] = 0
| 
|   ;
|   return 0;
| }
configure:11796: result: yes
configure:11809: checking for int32_t
configure:11840: gcc -c -g -O2  conftest.c >&5
configure:11847: $? = 0
configure:11876: gcc -c -g -O2  conftest.c >&5
conftest.c: In function 'main':
conftest.c:64:53: warning: integer overflow in expression of type 'int' results in '-2147483648' [-Woverflow]
   64 |    < (int32_t) ((((int32_t) 1 << (32 - 2)) - 1) * 2 + 2))];
      |                                                     ^
conftest.c:63:12: error: storage size of 'test_array' isn't constant
   63 | static int test_array [1 - 2 * !((int32_t) ((((int32_t) 1 << (32 - 2)) - 1) * 2 + 1)
      |            ^~~~~~~~~~
configure:11883: $? = 1
configure: failed program was:
| /* confdefs.h.  */
| #define PACKAGE_NAME "pocel"
| #define PACKAGE_TARNAME "pocel"
| #define PACKAGE_VERSION "0.1"
| #define PACKAGE_STRING "pocel 0.1"
| #define PACKAGE_BUGREPORT "https://github.com/appleparan/POCEL/issues"
| #define PACKAGE "pocel"
| #define VERSION "0.1"
| #define STDC_HEADERS 1
| #define HAVE_SYS_TYPES_H 1
| #define HAVE_SYS_STAT_H 1
| #define HAVE_STDLIB_H 1
| #define HAVE_STRING_H 1
| #define HAVE_MEMORY_H 1
| #define HAVE_STRINGS_H 1
| #define HAVE_INTTYPES_H 1
| #define HAVE_STDINT_H 1
| #define HAVE_UNISTD_H 1
| #define HAVE_DLFCN_H 1
| #define LT_OBJDIR ".libs/"
| #define HAVE_STDINT_H 1
| #define HAVE_STRING_H 1
| #define HAVE_UNISTD_H 1
| #define HAVE__BOOL 1
| #define HAVE_STDBOOL_H 1
| /* end confdefs.h.  */
| #include <stdio.h>
| #ifdef HAVE_SYS_TYPES_H
| # include <sys/types.h>
| #endif
| #ifdef HAVE_SYS_STAT_H
| # include <sys/stat.h>
| #endif
| #ifdef STDC_HEADERS
| # include <stdlib.h>
| # include <stddef.h>
| #else
| # ifdef HAVE_STDLIB_H
| #  include <stdlib.h>
| # endif
| #endif
| #ifdef HAVE_STRING_H
| # if !defined STDC_HEADERS && defined HAVE_MEMORY_H
| #  include <memory.h>
| # endif
| # include <string.h>
| #endif
| #ifdef HAVE_STRINGS_H
| # include <strings.h>
| #endif
| #ifdef HAVE_INTTYPES_H
| # include <inttypes.h>
| #endif
| #ifdef HAVE_STDINT_H
| # include <stdint.h>
| #endif
| #ifdef HAVE_UNISTD_H
| # include <unistd.h>
| #endif
| int
| main ()
| {
| static int test_array [1 - 2 * !((int32_t) ((((int32_t) 1 << (32 - 2)) - 1) * 2 + 1)
| 		 < (int32_t) ((((int32_t) 1 << (32 - 2)) - 1) * 2 + 2))];
| test_array [0] = 0
| 
|   ;
|   return 0;
| }
configure:11912: result: yes
configure:11925: checking for int64_t
configure:11956: gcc -c -g -O2  conftest.c >&5
configure:11963: $? = 0
configure:11992: gcc -c -g -O2  conftest.c >&5
conftest.c: In function 'main':
conftest.c:64:53: warning: integer overflow in expression of type 'long int' results in '-9223372036854775808' [-Woverflow]
   64 |    < (int64_t) ((((int64_t) 1 << (64 - 2)) - 1) * 2 + 2))];
      |                                                     ^
conftest.c:63:12: error: storage size of 'test_array' isn't constant
   63 | static int test_array [1 - 2 * !((int64_t) ((((int64_t) 1 << (64 - 2)) - 1) * 2 + 1)
      |            ^~~~~~~~~~
configure:11999: $? = 1
configure: failed program was:
| /* confdefs.h.  */
| #define PACKAGE_NAME "pocel"
| #define PACKAGE_TARNAME "pocel"
| #define PACKAGE_VERSION "0.1"
| #define PACKAGE_STRING "pocel 0.1"
| #define PACKAGE_BUGREPORT "https://github.com/appleparan/POCEL/issues"
| #define PACKAGE "pocel"
| #define VERSION "0.1"
| #define STDC_HEADERS 1
| #define HAVE_SYS_TYPES_H 1
| #define HAVE_SYS_STAT_H 1
| #define HAVE_STDLIB_H 1
| #define HAVE_STRING_H 1
| #define HAVE_MEMORY_H 1
| #define HAVE_STRINGS_H 1
| #define HAVE_INTTYPES_H 1
| #define HAVE_STDINT_H 1
| #define HAVE_UNISTD_H 1
| #define HAVE_DLFCN_H 1
| #define LT_OBJDIR ".libs/"
| #define HAVE_STDINT_H 1
| #define HAVE_STRING_H 1
| #define HAVE_UNISTD_H 1
| #define HAVE__BOOL 1
| #define HAVE_STDBOOL_H 1
| /* end confdefs.h.  */
| #include <stdio.h>
| #ifdef HAVE_SYS_TYPES_H
| # include <sys/types.h>
| #endif
| #ifdef HAVE_SYS_STAT_H
| # include <sys/stat.h>
| #endif
| #ifdef STDC_HEADERS
| # include <stdlib.h>
| # include <stddef.h>
| #else
| # ifdef HAVE_STDLIB_H
| #  include <stdlib.h>
| # endif
| #endif
| #ifdef HAVE_STRING_H
| # if !defined STDC_HEADERS && defined HAVE_MEMORY_H
| #  include <memory.h>
| # endif
| # include <string.h>
| #endif
| #ifdef HAVE_STRINGS_H
| # include <strings.h>
| #endif
| #ifdef HAVE_INTTYPES_H
| # include <inttypes.h>
| #endif
| #ifdef HAVE_STDINT_H
| # include <stdint.h>
| #endif
| #ifdef HAVE_UNISTD_H
| # include <unistd.h>
| #endif
| int
| main ()
| {
| static int test_array [1 - 2 * !((int64_t) ((((int64_t) 1 << (64 - 2)) - 1) * 2 + 1)
| 		 < (int64_t) ((((int64_t) 1 << (64 - 2)) - 1) * 2 + 2))];
| test_array [0] = 0
| 
|   ;
|   return 0;
| }
configure:12028: result: yes
configure:12041: checking for int8_t
configure:12072: gcc -c -g -O2  conftest.c >&5
configure:12079: $? = 0
configure:12108: gcc -c -g -O2  conftest.c >&5
conftest.c: In function 'main':
conftest.c:63:12: error: size of array 'test_array' is negative
   63 | static int test_array [1 - 2 * !((int8_t) ((((int8_t) 1 << (8 - 2)) - 1) * 2 + 1)
      |            ^~~~~~~~~~
configure:12115: $? = 1
configure: failed program was:
| /* confdefs.h.  */
| #define PACKAGE_NAME "pocel"
| #define PACKAGE_TARNAME "pocel"
| #define PACKAGE_VERSION "0.1"
| #define PACKAGE_STRING "pocel 0.1"
| #define PACKAGE_BUGREPORT "https://github.com/appleparan/POCEL/issues"
| #define PACKAGE "pocel"
| #define VERSION "0.1"
| #define STDC_HEADERS 1
| #define HAVE_SYS_TYPES_H 1
| #define HAVE_SYS_STAT_H 1
| #define HAVE_STDLIB_H 1
| #define HAVE_STRING_H 1
| #define HAVE_MEMORY_H 1
| #define HAVE_STRINGS_H 1
| #define HAVE_INTTYPES_H 1
| #define HAVE_STDINT_H 1
| #define HAVE_UNISTD_H 1
| #define HAVE_DLFCN_H 1
| #define LT_OBJDIR ".libs/"
| #define HAVE_STDINT_H 1
| #define HAVE_STRING_H 1
| #define HAVE_UNISTD_H 1
| #define HAVE__BOOL 1
| #define HAVE_STDBOOL_H 1
| /* end confdefs.h.  */
| #include <stdio.h>
| #ifdef HAVE_SYS_TYPES_H
| # include <sys/types.h>
| #endif
| #ifdef HAVE_SYS_STAT_H
| # include <sys/stat.h>
| #endif
| #ifdef STDC_HEADERS
| # include <stdlib.h>
| # include <stddef.h>
| #else
| # ifdef HAVE_STDLIB_H
| #  include <stdlib.h>
| # endif
| #endif
| #ifdef HAVE_STRING_H
| # if !defined STDC_HEADERS && defined HAVE_MEMORY_H
| #  include <memory.h>
| # endif
| # include <string.h>
| #endif
| #ifdef HAVE_STRINGS_H
| # include <strings.h>
| #endif
| #ifdef HAVE_INTTYPES_H
| # include <inttypes.h>
| #endif
| #ifdef HAVE_STDINT_H
| # include <stdint.h>
| #endif
| #ifdef HAVE_UNISTD_H
| # include <unistd.h>
| #endif
| int
| main ()
| {
| static int test_array [1 - 2 * !((int8_t) ((((int8_t) 1 << (8 - 2)) - 1) * 2 + 1)
| 		 < (int8_t) ((((int8_t) 1 << (8 - 2)) - 1) * 2 + 2))];
| test_array [0] = 0
| 
|   ;
|   return 0;
| }
configure:12144: result: yes
configure:12156: checking for size_t
configure:12184: gcc -c -g -O2  conftest.c >&5
configure:12191: $? = 0
configure:12218: gcc -c -g -O2  conftest.c >&5
conftest.c: In function 'main':
conftest.c:63:21: error: expected expression before ')' token
   63 | if (sizeof ((size_t)))
      |                     ^
configure:12225: $? = 1
configure: failed program was:
| /* confdefs.h.  */
| #define PACKAGE_NAME "pocel"
| #define PACKAGE_TARNAME "pocel"
| #define PACKAGE_VERSION "0.1"
| #define PACKAGE_STRING "pocel 0.1"
| #define PACKAGE_BUGREPORT "https://github.com/appleparan/POCEL/issues"
| #define PACKAGE "pocel"
| #define VERSION "0.1"
| #define STDC_HEADERS 1
| #define HAVE_SYS_TYPES_H 1
| #define HAVE_SYS_STAT_H 1
| #define HAVE_STDLIB_H 1
| #define HAVE_STRING_H 1
| #define HAVE_MEMORY_H 1
| #define HAVE_STRINGS_H 1
| #define HAVE_INTTYPES_H 1
| #define HAVE_STDINT_H 1
| #define HAVE_UNISTD_H 1
| #define HAVE_DLFCN_H 1
| #define LT_OBJDIR ".libs/"
| #define HAVE_STDINT_H 1
| #define HAVE_STRING_H 1
| #define HAVE_UNISTD_H 1
| #define HAVE__BOOL 1
| #define HAVE_STDBOOL_H 1
| /* end confdefs.h.  */
| #include <stdio.h>
| #ifdef HAVE_SYS_TYPES_H
| # include <sys/types.h>
| #endif
| #ifdef HAVE_SYS_STAT_H
| # include <sys/stat.h>
| #endif
| #ifdef STDC_HEADERS
| # include <stdlib.h>
| # include <stddef.h>
| #else
| # ifdef HAVE_STDLIB_H
| #  include <stdlib.h>
| # endif
| #endif
| #ifdef HAVE_STRING_H
| # if !defined STDC_HEADERS && defined HAVE_MEMORY_H
| #  include <memory.h>
| # endif
| # include <string.h>
| #endif
| #ifdef HAVE_STRINGS_H
| # include <strings.h>
| #endif
| #ifdef HAVE_INTTYPES_H
| # include <inttypes.h>
| #endif
| #ifdef HAVE_STDINT_H
| # include <stdint.h>
| #endif
| #ifdef HAVE_UNISTD_H
| # include <unistd.h>
| #endif
| int
| main ()
| {
| if (sizeof ((size_t)))
| 	  return 0;
|   ;
|   return 0;
| }
configure:12248: result: yes
configure:12260: checking for ssize_t
configure:12288: gcc -c -g -O2  conftest.c >&5
configure:12295: $? = 0
configure:12322: gcc -c -g -O2  conftest.c >&5
conftest.c: In function 'main':
conftest.c:63:22: error: expected expression before ')' token
   63 | if (sizeof ((ssize_t)))
      |                      ^
configure:12329: $? = 1
configure: failed program was:
| /* confdefs.h.  */
| #define PACKAGE_NAME "pocel"
| #define PACKAGE_TARNAME "pocel"
| #define PACKAGE_VERSION "0.1"
| #define PACKAGE_STRING "pocel 0.1"
| #define PACKAGE_BUGREPORT "https://github.com/appleparan/POCEL/issues"
| #define PACKAGE "pocel"
| #define VERSION "0.1"
| #define STDC_HEADERS 1
| #define HAVE_SYS_TYPES_H 1
| #define HAVE_SYS_STAT_H 1
| #define HAVE_STDLIB_H 1
| #define HAVE_STRING_H 1
| #define HAVE_MEMORY_H 1
| #define HAVE_STRINGS_H 1
| #define HAVE_INTTYPES_H 1
| #define HAVE_STDINT_H 1
| #define HAVE_UNISTD_H 1
| #define HAVE_DLFCN_H 1
| #define LT_OBJDIR ".libs/"
| #define HAVE_STDINT_H 1
| #define HAVE_STRING_H 1
| #define HAVE_UNISTD_H 1
| #define HAVE__BOOL 1
| #define HAVE_STDBOOL_H 1
| /* end confdefs.h.  */
| #include <stdio.h>
| #ifdef HAVE_SYS_TYPES_H
| # include <sys/types.h>
| #endif
| #ifdef HAVE_SYS_STAT_H
| # include <sys/stat.h>
| #endif
| #ifdef STDC_HEADERS
| # include <stdlib.h>
| # include <stddef.h>
| #else
| # ifdef HAVE_STDLIB_H
| #  include <stdlib.h>
| # endif
| #endif
| #ifdef HAVE_STRING_H
| # if !defined STDC_HEADERS && defined HAVE_MEMORY_H
| #  include <memory.h>
| # endif
| # include <string.h>
| #endif
| #ifdef HAVE_STRINGS_H
| # include <strings.h>
| #endif
| #ifdef HAVE_INTTYPES_H
| # include <inttypes.h>
| #endif
| #ifdef HAVE_STDINT_H
| # include <stdint.h>
| #endif
| #ifdef HAVE_UNISTD_H
| # include <unistd.h>
| #endif
| int
| main ()
| {
| if (sizeof ((ssize_t)))
| 	  return 0;
|   ;
|   return 0;
| }
configure:12352: result: yes
configure:12365: checking for uint16_t
configure:12396: gcc -c -g -O2  conftest.c >&5
configure:12403: $? = 0
configure:12424: result: yes
configure:12438: checking for uint32_t
configure:12469: gcc -c -g -O2  conftest.c >&5
configure:12476: $? = 0
configure:12497: result: yes
configure:12515: checking for uint64_t
configure:12546: gcc -c -g -O2  conftest.c >&5
configure:12553: $? = 0
configure:12574: result: yes
configure:12592: checking for uint8_t
configure:12623: gcc -c -g -O2  conftest.c >&5
configure:12630: $? = 0
configure:12651: result: yes
configure:12668: checking for ptrdiff_t
configure:12696: gcc -c -g -O2  conftest.c >&5
configure:12703: $? = 0
configure:12730: gcc -c -g -O2  conftest.c >&5
conftest.c: In function 'main':
conftest.c:63:24: error: expected expression before ')' token
   63 | if (sizeof ((ptrdiff_t)))
      |                        ^
configure:12737: $? = 1
configure: failed program was:
| /* confdefs.h.  */
| #define PACKAGE_NAME "pocel"
| #define PACKAGE_TARNAME "pocel"
| #define PACKAGE_VERSION "0.1"
| #define PACKAGE_STRING "pocel 0.1"
| #define PACKAGE_BUGREPORT "https://github.com/appleparan/POCEL/issues"
| #define PACKAGE "pocel"
| #define VERSION "0.1"
| #define STDC_HEADERS 1
| #define HAVE_SYS_TYPES_H 1
| #define HAVE_SYS_STAT_H 1
| #define HAVE_STDLIB_H 1
| #define HAVE_STRING_H 1
| #define HAVE_MEMORY_H 1
| #define HAVE_STRINGS_H 1
| #define HAVE_INTTYPES_H 1
| #define HAVE_STDINT_H 1
| #define HAVE_UNISTD_H 1
| #define HAVE_DLFCN_H 1
| #define LT_OBJDIR ".libs/"
| #define HAVE_STDINT_H 1
| #define HAVE_STRING_H 1
| #define HAVE_UNISTD_H 1
| #define HAVE__BOOL 1
| #define HAVE_STDBOOL_H 1
| /* end confdefs.h.  */
| #include <stdio.h>
| #ifdef HAVE_SYS_TYPES_H
| # include <sys/types.h>
| #endif
| #ifdef HAVE_SYS_STAT_H
| # include <sys/stat.h>
| #endif
| #ifdef STDC_HEADERS
| # include <stdlib.h>
| # include <stddef.h>
| #else
| # ifdef HAVE_STDLIB_H
| #  include <stdlib.h>
| # endif
| #endif
| #ifdef HAVE_STRING_H
| # if !defined STDC_HEADERS && defined HAVE_MEMORY_H
| #  include <memory.h>
| # endif
| # include <string.h>
| #endif
| #ifdef HAVE_STRINGS_H
| # include <strings.h>
| #endif
| #ifdef HAVE_INTTYPES_H
| # include <inttypes.h>
| #endif
| #ifdef HAVE_STDINT_H
| # include <stdint.h>
| #endif
| #ifdef HAVE_UNISTD_H
| # include <unistd.h>
| #endif
| int
| main ()
| {
| if (sizeof ((ptrdiff_t)))
| 	  return 0;
|   ;
|   return 0;
| }
configure:12760: result: yes
configure:12775: checking for working alloca.h
configure:12802: gcc -o conftest -g -O2   conftest.c  >&5
configure:12809: $? = 0
configure:12829: result: yes
configure:12839: checking for alloca
configure:12886: gcc -o conftest -g -O2   conftest.c  >&5
configure:12893: $? = 0
configure:12913: result: yes
configure:13155: checking for stdlib.h
configure:13162: result: yes
configure:13301: checking for GNU libc compatible malloc
configure:13335: gcc -o conftest -g -O2   conftest.c  >&5
configure:13339: $? = 0
configure:13345: ./conftest
configure:13349: $? = 0
configure:13366: result: yes
configure:13401: checking for dup2
configure:13457: gcc -o conftest -g -O2   conftest.c  >&5
configure:13464: $? = 0
configure:13486: result: yes
configure:13401: checking for memset
configure:13457: gcc -o conftest -g -O2   conftest.c  >&5
conftest.c:56:6: warning: conflicting types for built-in function 'memset'; expected 'void *(void *, int,  long unsigned int)' [-Wbuiltin-declaration-mismatch]
   56 | char memset ();
      |      ^~~~~~
conftest.c:44:1: note: 'memset' is declared in header '<string.h>'
   43 | # include <limits.h>
   44 | #else
configure:13464: $? = 0
configure:13486: result: yes
configure:13401: checking for pow
configure:13457: gcc -o conftest -g -O2   conftest.c  >&5
conftest.c:57:6: warning: conflicting types for built-in function 'pow'; expected 'double(double,  double)' [-Wbuiltin-declaration-mismatch]
   57 | char pow ();
      |      ^~~
conftest.c:45:1: note: 'pow' is declared in header '<math.h>'
   44 | # include <limits.h>
   45 | #else
/tmp/cc58W3Ir.o: In function `main':
/home/ycse02/appleparan/src/POCEL/conftest.c:68: undefined reference to `pow'
collect2: error: ld returned 1 exit status
configure:13464: $? = 1
configure: failed program was:
| /* confdefs.h.  */
| #define PACKAGE_NAME "pocel"
| #define PACKAGE_TARNAME "pocel"
| #define PACKAGE_VERSION "0.1"
| #define PACKAGE_STRING "pocel 0.1"
| #define PACKAGE_BUGREPORT "https://github.com/appleparan/POCEL/issues"
| #define PACKAGE "pocel"
| #define VERSION "0.1"
| #define STDC_HEADERS 1
| #define HAVE_SYS_TYPES_H 1
| #define HAVE_SYS_STAT_H 1
| #define HAVE_STDLIB_H 1
| #define HAVE_STRING_H 1
| #define HAVE_MEMORY_H 1
| #define HAVE_STRINGS_H 1
| #define HAVE_INTTYPES_H 1
| #define HAVE_STDINT_H 1
| #define HAVE_UNISTD_H 1
| #define HAVE_DLFCN_H 1
| #define LT_OBJDIR ".libs/"
| #define HAVE_STDINT_H 1
| #define HAVE_STRING_H 1
| #define HAVE_UNISTD_H 1
| #define HAVE__BOOL 1
| #define HAVE_STDBOOL_H 1
| #define HAVE_PTRDIFF_T 1
| #define HAVE_ALLOCA_H 1
| #define HAVE_ALLOCA 1
| #define HAVE_STDLIB_H 1
| #define HAVE_MALLOC 1
| #define HAVE_DUP2 1
| #define HAVE_MEMSET 1
| /* end confdefs.h.  */
| /* Define pow to an innocuous variant, in case <limits.h> declares pow.
|    For example, HP-UX 11i <limits.h> declares gettimeofday.  */
| #define pow innocuous_pow
| 
| /* System header to define __stub macros and hopefully few prototypes,
|     which can conflict with char pow (); below.
|     Prefer <limits.h> to <assert.h> if __STDC__ is defined, since
|     <limits.h> exists even on freestanding compilers.  */
| 
| #ifdef __STDC__
| # include <limits.h>
| #else
| # include <assert.h>
| #endif
| 
| #undef pow
| 
| /* Override any GCC internal prototype to avoid an error.
|    Use char because int might match the return type of a GCC
|    builtin and then its argument prototype would still apply.  */
| #ifdef __cplusplus
| extern "C"
| #endif
| char pow ();
| /* The GNU C library defines this for functions which it implements
|     to always fail with ENOSYS.  Some functions are actually named
|     something starting with __ and the normal name is an alias.  */
| #if defined __stub_pow || defined __stub___pow
| choke me
| #endif
| 
| int
| main ()
| {
| return pow ();
|   ;
|   return 0;
| }
configure:13486: result: no
configure:13401: checking for sqrt
configure:13457: gcc -o conftest -g -O2   conftest.c  >&5
conftest.c:57:6: warning: conflicting types for built-in function 'sqrt'; expected 'double(double)' [-Wbuiltin-declaration-mismatch]
   57 | char sqrt ();
      |      ^~~~
conftest.c:45:1: note: 'sqrt' is declared in header '<math.h>'
   44 | # include <limits.h>
   45 | #else
/tmp/ccDKEBgx.o: In function `main':
/home/ycse02/appleparan/src/POCEL/conftest.c:68: undefined reference to `sqrt'
collect2: error: ld returned 1 exit status
configure:13464: $? = 1
configure: failed program was:
| /* confdefs.h.  */
| #define PACKAGE_NAME "pocel"
| #define PACKAGE_TARNAME "pocel"
| #define PACKAGE_VERSION "0.1"
| #define PACKAGE_STRING "pocel 0.1"
| #define PACKAGE_BUGREPORT "https://github.com/appleparan/POCEL/issues"
| #define PACKAGE "pocel"
| #define VERSION "0.1"
| #define STDC_HEADERS 1
| #define HAVE_SYS_TYPES_H 1
| #define HAVE_SYS_STAT_H 1
| #define HAVE_STDLIB_H 1
| #define HAVE_STRING_H 1
| #define HAVE_MEMORY_H 1
| #define HAVE_STRINGS_H 1
| #define HAVE_INTTYPES_H 1
| #define HAVE_STDINT_H 1
| #define HAVE_UNISTD_H 1
| #define HAVE_DLFCN_H 1
| #define LT_OBJDIR ".libs/"
| #define HAVE_STDINT_H 1
| #define HAVE_STRING_H 1
| #define HAVE_UNISTD_H 1
| #define HAVE__BOOL 1
| #define HAVE_STDBOOL_H 1
| #define HAVE_PTRDIFF_T 1
| #define HAVE_ALLOCA_H 1
| #define HAVE_ALLOCA 1
| #define HAVE_STDLIB_H 1
| #define HAVE_MALLOC 1
| #define HAVE_DUP2 1
| #define HAVE_MEMSET 1
| /* end confdefs.h.  */
| /* Define sqrt to an innocuous variant, in case <limits.h> declares sqrt.
|    For example, HP-UX 11i <limits.h> declares gettimeofday.  */
| #define sqrt innocuous_sqrt
| 
| /* System header to define __stub macros and hopefully few prototypes,
|     which can conflict with char sqrt (); below.
|     Prefer <limits.h> to <assert.h> if __STDC__ is defined, since
|     <limits.h> exists even on freestanding compilers.  */
| 
| #ifdef __STDC__
| # include <limits.h>
| #else
| # include <assert.h>
| #endif
| 
| #undef sqrt
| 
| /* Override any GCC internal prototype to avoid an error.
|    Use char because int might match the return type of a GCC
|    builtin and then its argument prototype would still apply.  */
| #ifdef __cplusplus
| extern "C"
| #endif
| char sqrt ();
| /* The GNU C library defines this for functions which it implements
|     to always fail with ENOSYS.  Some functions are actually named
|     something starting with __ and the normal name is an alias.  */
| #if defined __stub_sqrt || defined __stub___sqrt
| choke me
| #endif
| 
| int
| main ()
| {
| return sqrt ();
|   ;
|   return 0;
| }
configure:13486: result: no
configure:13625: creating ./config.status

## ---------------------- ##
## Running config.status. ##
## ---------------------- ##

This file was extended by pocel config.status 0.1, which was
generated by GNU Autoconf 2.63.  Invocation command line was

  CONFIG_FILES    = 
  CONFIG_HEADERS  = 
  CONFIG_LINKS    = 
  CONFIG_COMMANDS = 
  $ ./config.status 

on iREMB-S

config.status:998: creating Makefile
config.status:998: creating src/Makefile
config.status:998: creating test/Makefile
config.status:998: creating config.h
config.status:1220: config.h is unchanged
config.status:1272: executing depfiles commands
config.status:1272: executing libtool commands

## ---------------- ##
## Cache variables. ##
## ---------------- ##

ac_cv_build=x86_64-unknown-linux-gnu
ac_cv_c_compiler_gnu=yes
ac_cv_c_inline=inline
ac_cv_c_int16_t=yes
ac_cv_c_int32_t=yes
ac_cv_c_int64_t=yes
ac_cv_c_int8_t=yes
ac_cv_c_uint16_t=yes
ac_cv_c_uint32_t=yes
ac_cv_c_uint64_t=yes
ac_cv_c_uint8_t=yes
ac_cv_env_CC_set=
ac_cv_env_CC_value=
ac_cv_env_CFLAGS_set=
ac_cv_env_CFLAGS_value=
ac_cv_env_CPPFLAGS_set=
ac_cv_env_CPPFLAGS_value=
ac_cv_env_CPP_set=
ac_cv_env_CPP_value=
ac_cv_env_LDFLAGS_set=
ac_cv_env_LDFLAGS_value=
ac_cv_env_LIBS_set=
ac_cv_env_LIBS_value=
ac_cv_env_build_alias_set=
ac_cv_env_build_alias_value=
ac_cv_env_host_alias_set=
ac_cv_env_host_alias_value=
ac_cv_env_target_alias_set=
ac_cv_env_target_alias_value=
ac_cv_func_alloca_works=yes
ac_cv_func_dup2=yes
ac_cv_func_malloc_0_nonnull=yes
ac_cv_func_memset=yes
ac_cv_func_pow=no
ac_cv_func_sqrt=no
ac_cv_header_dlfcn_h=yes
ac_cv_header_inttypes_h=yes
ac_cv_header_memory_h=yes
ac_cv_header_stdbool_h=yes
ac_cv_header_stdc=yes
ac_cv_header_stdint_h=yes
ac_cv_header_stdlib_h=yes
ac_cv_header_string_h=yes
ac_cv_header_strings_h=yes
ac_cv_header_sys_stat_h=yes
ac_cv_header_sys_types_h=yes
ac_cv_header_unistd_h=yes
ac_cv_host=x86_64-unknown-linux-gnu
ac_cv_objext=o
ac_cv_path_EGREP='/bin/grep -E'
ac_cv_path_FGREP='/bin/grep -F'
ac_cv_path_GREP=/bin/grep
ac_cv_path_SED=/bin/sed
ac_cv_path_install='/usr/bin/install -c'
ac_cv_path_mkdir=/bin/mkdir
ac_cv_prog_AWK=gawk
ac_cv_prog_CPP='gcc -E'
ac_cv_prog_ac_ct_AR=ar
ac_cv_prog_ac_ct_CC=gcc
ac_cv_prog_ac_ct_OBJDUMP=objdump
ac_cv_prog_ac_ct_RANLIB=ranlib
ac_cv_prog_ac_ct_STRIP=strip
ac_cv_prog_cc_c89=
ac_cv_prog_cc_g=yes
ac_cv_prog_make_make_set=yes
ac_cv_type__Bool=yes
ac_cv_type_ptrdiff_t=yes
ac_cv_type_size_t=yes
ac_cv_type_ssize_t=yes
ac_cv_working_alloca_h=yes
am_cv_CC_dependencies_compiler_type=gcc3
lt_cv_deplibs_check_method=pass_all
lt_cv_file_magic_cmd='$MAGIC_CMD'
lt_cv_file_magic_test_file=
lt_cv_ld_reload_flag=-r
lt_cv_nm_interface='BSD nm'
lt_cv_objdir=.libs
lt_cv_path_LD=/home/ycse02/usr/x86_64-pc-linux-gnu/bin/ld
lt_cv_path_NM='/home/ycse02/usr/bin/nm -B'
lt_cv_prog_compiler_c_o=yes
lt_cv_prog_compiler_pic_works=yes
lt_cv_prog_compiler_rtti_exceptions=no
lt_cv_prog_compiler_static_works=no
lt_cv_prog_gnu_ld=yes
lt_cv_sys_global_symbol_pipe='sed -n -e '\''s/^.*[	 ]\([ABCDGIRSTW][ABCDGIRSTW]*\)[	 ][	 ]*\([_A-Za-z][_A-Za-z0-9]*\)$/\1 \2 \2/p'\'''
lt_cv_sys_global_symbol_to_c_name_address='sed -n -e '\''s/^: \([^ ]*\) $/  {\"\1\", (void *) 0},/p'\'' -e '\''s/^[ABCDGIRSTW]* \([^ ]*\) \([^ ]*\)$/  {"\2", (void *) \&\2},/p'\'''
lt_cv_sys_global_symbol_to_c_name_address_lib_prefix='sed -n -e '\''s/^: \([^ ]*\) $/  {\"\1\", (void *) 0},/p'\'' -e '\''s/^[ABCDGIRSTW]* \([^ ]*\) \(lib[^ ]*\)$/  {"\2", (void *) \&\2},/p'\'' -e '\''s/^[ABCDGIRSTW]* \([^ ]*\) \([^ ]*\)$/  {"lib\2", (void *) \&\2},/p'\'''
lt_cv_sys_global_symbol_to_cdecl='sed -n -e '\''s/^T .* \(.*\)$/extern int \1();/p'\'' -e '\''s/^[ABCDGIRSTW]* .* \(.*\)$/extern char \1;/p'\'''
lt_cv_sys_max_cmd_len=3458764513820540925

## ----------------- ##
## Output variables. ##
## ----------------- ##

ACLOCAL='${SHELL} /home/ycse02/appleparan/src/POCEL/missing --run aclocal-1.11'
ALLOCA=''
AMDEPBACKSLASH='\'
AMDEP_FALSE='#'
AMDEP_TRUE=''
AMTAR='${SHELL} /home/ycse02/appleparan/src/POCEL/missing --run tar'
AR='ar'
AUTOCONF='${SHELL} /home/ycse02/appleparan/src/POCEL/missing --run autoconf'
AUTOHEADER='${SHELL} /home/ycse02/appleparan/src/POCEL/missing --run autoheader'
AUTOMAKE='${SHELL} /home/ycse02/appleparan/src/POCEL/missing --run automake-1.11'
AWK='gawk'
CC='gcc'
CCDEPMODE='depmode=gcc3'
CFLAGS='-g -O2'
CPP='gcc -E'
CPPFLAGS=''
CYGPATH_W='echo'
DEFS='-DHAVE_CONFIG_H'
DEPDIR='.deps'
DSYMUTIL=''
DUMPBIN=''
ECHO_C=''
ECHO_N='-n'
ECHO_T=''
EGREP='/bin/grep -E'
EXEEXT=''
FGREP='/bin/grep -F'
GREP='/bin/grep'
INSTALL_DATA='${INSTALL} -m 644'
INSTALL_PROGRAM='${INSTALL}'
INSTALL_SCRIPT='${INSTALL}'
INSTALL_STRIP_PROGRAM='$(install_sh) -c -s'
LD='/home/ycse02/usr/x86_64-pc-linux-gnu/bin/ld -m elf_x86_64'
LDFLAGS=''
LIBOBJS=''
LIBS=''
LIBTOOL='$(SHELL) $(top_builddir)/libtool'
LIPO=''
LN_S='ln -s'
LTLIBOBJS=''
MAKEINFO='${SHELL} /home/ycse02/appleparan/src/POCEL/missing --run makeinfo'
MKDIR_P='/bin/mkdir -p'
NM='/home/ycse02/usr/bin/nm -B'
NMEDIT=''
OBJDUMP='objdump'
OBJEXT='o'
OTOOL64=''
OTOOL=''
PACKAGE='pocel'
PACKAGE_BUGREPORT='https://github.com/appleparan/POCEL/issues'
PACKAGE_NAME='pocel'
PACKAGE_STRING='pocel 0.1'
PACKAGE_TARNAME='pocel'
PACKAGE_VERSION='0.1'
PATH_SEPARATOR=':'
RANLIB='ranlib'
SED='/bin/sed'
SET_MAKE=''
SHELL='/bin/sh'
STRIP='strip'
VERSION='0.1'
ac_ct_CC='gcc'
ac_ct_DUMPBIN=''
am__EXEEXT_FALSE=''
am__EXEEXT_TRUE='#'
am__fastdepCC_FALSE='#'
am__fastdepCC_TRUE=''
am__include='include'
am__isrc=''
am__leading_dot='.'
am__quote=''
am__tar='${AMTAR} chof - "$$tardir"'
am__untar='${AMTAR} xf -'
bindir='${exec_prefix}/bin'
build='x86_64-unknown-linux-gnu'
build_alias=''
build_cpu='x86_64'
build_os='linux-gnu'
build_vendor='unknown'
datadir='${datarootdir}'
datarootdir='${prefix}/share'
docdir='${datarootdir}/doc/${PACKAGE_TARNAME}'
dvidir='${docdir}'
exec_prefix='${prefix}'
host='x86_64-unknown-linux-gnu'
host_alias=''
host_cpu='x86_64'
host_os='linux-gnu'
host_vendor='unknown'
htmldir='${docdir}'
includedir='${prefix}/include'
infodir='${datarootdir}/info'
install_sh='${SHELL} /home/ycse02/appleparan/src/POCEL/install-sh'
libdir='${exec_prefix}/lib'
libexecdir='${exec_prefix}/libexec'
localedir='${datarootdir}/locale'
localstatedir='${prefix}/var'
lt_ECHO='echo'
mandir='${datarootdir}/man'
mkdir_p='/bin/mkdir -p'
oldincludedir='/usr/include'
pdfdir='${docdir}'
prefix='/usr/local'
program_transform_name='s,x,x,'
psdir='${docdir}'
sbindir='${exec_prefix}/sbin'
sharedstatedir='${prefix}/com'
sysconfdir='${prefix}/etc'
target_alias=''

## ----------- ##
## confdefs.h. ##
## ----------- ##

#define PACKAGE_NAME "pocel"
#define PACKAGE_TARNAME "pocel"
#define PACKAGE_VERSION "0.1"
#define PACKAGE_STRING "pocel 0.1"
#define PACKAGE_BUGREPORT "https://github.com/appleparan/POCEL/issues"
#define PACKAGE "pocel"
#define VERSION "0.1"
#define STDC_HEADERS 1
#define HAVE_SYS_TYPES_H 1
#define HAVE_SYS_STAT_H 1
#define HAVE_STDLIB_H 1
#define HAVE_STRING_H 1
#define HAVE_MEMORY_H 1
#define HAVE_STRINGS_H 1
#define HAVE_INTTYPES_H 1
#define HAVE_STDINT_H 1
#define HAVE_UNISTD_H 1
#define HAVE_DLFCN_H 1
#define LT_OBJDIR ".libs/"
#define HAVE_STDINT_H 1
#define HAVE_STRING_H 1
#define HAVE_UNISTD_H 1
#define HAVE__BOOL 1
#define HAVE_STDBOOL_H 1
#define HAVE_PTRDIFF_T 1
#define HAVE_ALLOCA_H 1
#define HAVE_ALLOCA 1
#define HAVE_STDLIB_H 1
#define HAVE_MALLOC 1
#define HAVE_DUP2 1
#define HAVE_MEMSET 1

configure: exit 0

## ---------------------- ##
## Running config.status. ##
## ---------------------- ##

This file was extended by pocel config.status 0.1, which was
generated by GNU Autoconf 2.63.  Invocation command line was

  CONFIG_FILES    = 
  CONFIG_HEADERS  = 
  CONFIG_LINKS    = 
  CONFIG_COMMANDS = 
  $ ./config.status test/Makefile depfiles

on iREMB-S

config.status:998: creating test/Makefile
config.status:1272: executing depfiles commands
